[debug] [2019-07-04T02:26:40.526Z] ----------------------------------------------------------------------
[debug] [2019-07-04T02:26:40.529Z] Command:       C:\Program Files\nodejs\node.exe C:\Users\Bob\AppData\Roaming\npm\node_modules\firebase-tools\lib\bin\firebase.js deploy
[debug] [2019-07-04T02:26:40.529Z] CLI Version:   6.5.0
[debug] [2019-07-04T02:26:40.529Z] Platform:      win32
[debug] [2019-07-04T02:26:40.530Z] Node Version:  v12.4.0
[debug] [2019-07-04T02:26:40.568Z] Time:          Wed Jul 03 2019 22:26:40 GMT-0400 (Eastern Daylight Time)
[debug] [2019-07-04T02:26:40.568Z] ----------------------------------------------------------------------
[debug] 
[debug] [2019-07-04T02:26:40.635Z] > command requires scopes: ["email","openid","https://www.googleapis.com/auth/cloudplatformprojects.readonly","https://www.googleapis.com/auth/firebase","https://www.googleapis.com/auth/cloud-platform"]
[debug] [2019-07-04T02:26:40.637Z] > authorizing via signed-in user
[debug] [2019-07-04T02:26:40.637Z] [iam] checking project hi-hi-hi-3b8a2 for permissions ["firebase.projects.get","firebasehosting.sites.update"]
[debug] [2019-07-04T02:26:40.639Z] > refreshing access token with scopes: ["email","https://www.googleapis.com/auth/cloud-platform","https://www.googleapis.com/auth/cloudplatformprojects.readonly","https://www.googleapis.com/auth/firebase","openid"]
[debug] [2019-07-04T02:26:40.640Z] >>> HTTP REQUEST POST https://www.googleapis.com/oauth2/v3/token  
 <request body omitted>
[debug] [2019-07-04T02:26:40.944Z] <<< HTTP RESPONSE 200
[debug] [2019-07-04T02:26:41.117Z] >>> HTTP REQUEST POST https://cloudresourcemanager.googleapis.com/v1/projects/hi-hi-hi-3b8a2:testIamPermissions  

[debug] [2019-07-04T02:26:41.549Z] <<< HTTP RESPONSE 200
[debug] [2019-07-04T02:26:41.552Z] >>> HTTP REQUEST GET https://firebase.googleapis.com/v1beta1/projects/hi-hi-hi-3b8a2  
 
[debug] [2019-07-04T02:26:41.876Z] <<< HTTP RESPONSE 200
[info] 
[info] === Deploying to 'hi-hi-hi-3b8a2'...
[info] 
[info] i  deploying hosting
[debug] [2019-07-04T02:26:41.883Z] >>> HTTP REQUEST POST https://firebasehosting.googleapis.com/v1beta1/sites/hi-hi-hi-3b8a2/versions  

[debug] [2019-07-04T02:26:42.827Z] <<< HTTP RESPONSE 200
[info] i  hosting[hi-hi-hi-3b8a2]: beginning deploy...
[info] i  hosting[hi-hi-hi-3b8a2]: found 14 files in build
[debug] [2019-07-04T02:26:42.865Z] [hosting] hash cache [YnVpbGQ] load error: lines is not defined
[debug] [2019-07-04T02:26:43.099Z] [hosting] hash cache [YnVpbGQ] stored for 14 files
[debug] [2019-07-04T02:26:43.100Z] [hosting][hash queue][FINAL]
[debug] [2019-07-04T02:26:43.100Z] >>> HTTP REQUEST POST https://firebasehosting.googleapis.com/v1beta1/sites/hi-hi-hi-3b8a2/versions/f019d75228a55660:populateFiles  
 <request body omitted>
[debug] [2019-07-04T02:26:43.923Z] <<< HTTP RESPONSE 200
[debug] [2019-07-04T02:26:43.929Z] [hosting][populate queue][FINAL]
[debug] [2019-07-04T02:26:43.929Z] [hosting] uploads queued: 10
